<?xml version="1.0" encoding="UTF-8" ?>
<testsuite tests="32" failures="0" name="RationalTest" time="0.007" errors="0" skipped="0">
  <properties>
    <property name="idea.version" value="2021.3.1"/>
    <property name="java.runtime.name" value="OpenJDK Runtime Environment"/>
    <property name="java.vm.version" value="17.0.6+10-LTS"/>
    <property name="sun.boot.library.path" value="C:\Users\rujip\.jdks\corretto-17.0.6\bin"/>
    <property name="maven.multiModuleProjectDirectory" value="C:\Users\rujip\Desktop\MUICT\MUICT Y4 S1\ITCS473 Software QA and Testing\Rational"/>
    <property name="java.vm.vendor" value="Amazon.com Inc."/>
    <property name="java.vendor.url" value="https://aws.amazon.com/corretto/"/>
    <property name="guice.disable.misplaced.annotation.check" value="true"/>
    <property name="path.separator" value=";"/>
    <property name="java.vm.name" value="OpenJDK 64-Bit Server VM"/>
    <property name="sun.os.patch.level" value=""/>
    <property name="user.script" value=""/>
    <property name="user.country" value="US"/>
    <property name="sun.java.launcher" value="SUN_STANDARD"/>
    <property name="java.vm.specification.name" value="Java Virtual Machine Specification"/>
    <property name="user.dir" value="C:\Users\rujip\Desktop\MUICT\MUICT Y4 S1\ITCS473 Software QA and Testing\Rational"/>
    <property name="java.vm.compressedOopsMode" value="Zero based"/>
    <property name="java.runtime.version" value="17.0.6+10-LTS"/>
    <property name="os.arch" value="amd64"/>
    <property name="java.io.tmpdir" value="C:\Users\rujip\AppData\Local\Temp\"/>
    <property name="line.separator" value="
"/>
    <property name="java.vm.specification.vendor" value="Oracle Corporation"/>
    <property name="user.variant" value=""/>
    <property name="os.name" value="Windows 11"/>
    <property name="maven.ext.class.path" value="C:\Program Files\JetBrains\IntelliJ IDEA 2021.3.1\plugins\maven\lib\maven-event-listener.jar"/>
    <property name="classworlds.conf" value="C:\Program Files\JetBrains\IntelliJ IDEA 2021.3.1\plugins\maven\lib\maven3\bin\m2.conf"/>
    <property name="sun.jnu.encoding" value="Cp1252"/>
    <property name="java.library.path" value="C:\Users\rujip\.jdks\corretto-17.0.6\bin;C:\WINDOWS\Sun\Java\bin;C:\WINDOWS\system32;C:\WINDOWS;C:\ProgramData\Oracle\Java\javapath;C:\Program Files (x86)\Common Files\Oracle\Java\javapath;C:\Users\rujip\get-pip.py;C:\Program Files\nodejs\;C:\WINDOWS\system32;C:\WINDOWS;C:\WINDOWS\System32\Wbem;C:\WINDOWS\System32\WindowsPowerShell\v1.0\;C:\WINDOWS\System32\OpenSSH\;&quot;C:\Program Files\Git\bin\git.exe;C:\Windows\System32&quot;;C:\Program Files\Git\cmd;C:\Users\rujip\flutter\bin;C:\dart-sdk\bin;;C:\Program Files\Docker\Docker\resources\bin;C:\Users\rujip\AppData\Local\Programs\Python\Python311\Scripts\;C:\Users\rujip\AppData\Local\Programs\Python\Python311\;C:\Users\rujip\AppData\Local\Programs\Python\Launcher\;C:\Users\rujip\flutter\bin;&quot;C:\Program Files\Git\bin\git.exe;C:\Program Files\Git\cmd;C:\Windows\System32&quot;;C:\Windows\System32;C:\Program Files\MySQL\MySQL Shell 8.0\bin\;C:\Users\rujip\AppData\Local\Microsoft\WindowsApps;C:\Users\rujip\AppData\Local\Programs\Microsoft VS Code\bin;C:\Users\rujip\AppData\Local\GitHubDesktop\bin;C:\Program Files\JetBrains\PyCharm 2021.3.1\bin;C:\Program Files\JetBrains\IntelliJ IDEA 2021.3.1\bin;C:\Users\rujip\AppData\Local\Microsoft\WindowsApps;C:\Users\rujip\AppData\Roaming\npm;;."/>
    <property name="maven.conf" value="C:\Program Files\JetBrains\IntelliJ IDEA 2021.3.1\plugins\maven\lib\maven3/conf"/>
    <property name="jdk.debug" value="release"/>
    <property name="java.class.version" value="61.0"/>
    <property name="java.specification.name" value="Java Platform API Specification"/>
    <property name="sun.management.compiler" value="HotSpot 64-Bit Tiered Compilers"/>
    <property name="os.version" value="10.0"/>
    <property name="user.home" value="C:\Users\rujip"/>
    <property name="user.timezone" value="Asia/Bangkok"/>
    <property name="file.encoding" value="UTF-8"/>
    <property name="java.specification.version" value="17"/>
    <property name="user.name" value="rujip"/>
    <property name="java.class.path" value="C:\Program Files\JetBrains\IntelliJ IDEA 2021.3.1\plugins\maven\lib\maven3\boot\plexus-classworlds-2.6.0.jar;C:\Program Files\JetBrains\IntelliJ IDEA 2021.3.1\plugins\maven\lib\maven3\boot\plexus-classworlds.license"/>
    <property name="java.vm.specification.version" value="17"/>
    <property name="sun.arch.data.model" value="64"/>
    <property name="sun.java.command" value="org.codehaus.classworlds.Launcher -Didea.version=2021.3.1 install"/>
    <property name="java.home" value="C:\Users\rujip\.jdks\corretto-17.0.6"/>
    <property name="user.language" value="en"/>
    <property name="java.specification.vendor" value="Oracle Corporation"/>
    <property name="java.vm.info" value="mixed mode, sharing"/>
    <property name="java.version" value="17.0.6"/>
    <property name="native.encoding" value="Cp1252"/>
    <property name="java.vendor" value="Amazon.com Inc."/>
    <property name="maven.home" value="C:\Program Files\JetBrains\IntelliJ IDEA 2021.3.1\plugins\maven\lib\maven3"/>
    <property name="file.separator" value="\"/>
    <property name="java.version.date" value="2023-01-17"/>
    <property name="java.vendor.url.bug" value="https://github.com/corretto/corretto-17/issues/"/>
    <property name="sun.io.unicode.encoding" value="UnicodeLittle"/>
    <property name="sun.cpu.endian" value="little"/>
    <property name="java.vendor.version" value="Corretto-17.0.6.10.1"/>
    <property name="sun.cpu.isalist" value="amd64"/>
  </properties>
  <testcase classname="RationalTest" name="testToString_10" time="0.005"/>
  <testcase classname="RationalTest" name="testToString_11" time="0"/>
  <testcase classname="RationalTest" name="testAdd_1" time="0"/>
  <testcase classname="RationalTest" name="testAdd_2" time="0"/>
  <testcase classname="RationalTest" name="testAdd_3" time="0"/>
  <testcase classname="RationalTest" name="testAdd_4" time="0"/>
  <testcase classname="RationalTest" name="testCompareTo_1" time="0"/>
  <testcase classname="RationalTest" name="testCompareTo_2" time="0"/>
  <testcase classname="RationalTest" name="testCompareTo_3" time="0"/>
  <testcase classname="RationalTest" name="testCompareTo_4" time="0"/>
  <testcase classname="RationalTest" name="testSubtract_1" time="0"/>
  <testcase classname="RationalTest" name="testSubtract_2" time="0"/>
  <testcase classname="RationalTest" name="testSubtract_3" time="0"/>
  <testcase classname="RationalTest" name="testSubtract_4" time="0"/>
  <testcase classname="RationalTest" name="testMultiply_1" time="0"/>
  <testcase classname="RationalTest" name="testMultiply_2" time="0.001"/>
  <testcase classname="RationalTest" name="testMultiply_3" time="0"/>
  <testcase classname="RationalTest" name="testMultiply_4" time="0"/>
  <testcase classname="RationalTest" name="testToString_1" time="0"/>
  <testcase classname="RationalTest" name="testToString_4" time="0"/>
  <testcase classname="RationalTest" name="testToString_5" time="0"/>
  <testcase classname="RationalTest" name="testToString_6" time="0"/>
  <testcase classname="RationalTest" name="testToString_7" time="0"/>
  <testcase classname="RationalTest" name="testToString_8" time="0.001"/>
  <testcase classname="RationalTest" name="testToString_9" time="0"/>
  <testcase classname="RationalTest" name="testDivide_1" time="0"/>
  <testcase classname="RationalTest" name="testDivide_2" time="0"/>
  <testcase classname="RationalTest" name="testDivide_3" time="0"/>
  <testcase classname="RationalTest" name="testEquals_1" time="0"/>
  <testcase classname="RationalTest" name="testEquals_2" time="0"/>
  <testcase classname="RationalTest" name="testEquals_3" time="0"/>
  <testcase classname="RationalTest" name="testEquals_4" time="0"/>
</testsuite>